<?xml version="1.0" encoding="UTF-8"?>
<!-- Generated by org.testng.reporters.JUnitXMLReporter -->
<testsuite ignored="0" hostname="DESKTOP-R6265M9" failures="3" tests="9" name="Test" time="102.082" errors="0" timestamp="2025-11-25T11:31:14 IST">
  <testcase classname="testCases.TC_Registration_001" name="verify_account_registration" time="2.532"/>
  <testcase classname="testCases.TC_Login_002" name="Login_verification_test" time="16.964">
    <failure type="java.lang.AssertionError" message="null">
      <![CDATA[java.lang.AssertionError: null
at testCases.TC_Login_002.Login_verification_test(TC_Login_002.java:43)
at java.base/java.util.ArrayList.forEach(ArrayList.java:1511)
... Removed 29 stack frames]]>
    </failure>
  </testcase> <!-- Login_verification_test -->
  <testcase classname="testCases.TC_Login_DDT_002001" name="verify_login_DDT" time="29.609"/>
  <testcase classname="testCases.TC_Login_DDT_002001" name="verify_login_DDT" time="2.869">
    <failure type="java.lang.AssertionError" message="null">
      <![CDATA[java.lang.AssertionError: null
at testCases.TC_Login_DDT_002001.verify_login_DDT(TC_Login_DDT_002001.java:68)
at java.base/java.util.ArrayList.forEach(ArrayList.java:1511)
... Removed 29 stack frames]]>
    </failure>
  </testcase> <!-- verify_login_DDT -->
  <testcase classname="testCases.TC_Login_DDT_002001" name="verify_login_DDT" time="1.821"/>
  <testcase classname="testCases.TC_Login_DDT_002001" name="verify_login_DDT" time="1.73"/>
  <testcase classname="testCases.TC_Login_DDT_002001" name="verify_login_DDT" time="1.784"/>
  <testcase classname="testCases.TC_Login_DDT_002001" name="verify_login_DDT" time="15.659"/>
  <testcase classname="testCases.TC_Login_DDT_002001" name="verify_login_DDT" time="15.895">
    <failure type="java.lang.AssertionError" message="null">
      <![CDATA[java.lang.AssertionError: null
at testCases.TC_Login_DDT_002001.verify_login_DDT(TC_Login_DDT_002001.java:68)
at java.base/java.util.ArrayList.forEach(ArrayList.java:1511)
... Removed 29 stack frames]]>
    </failure>
  </testcase> <!-- verify_login_DDT -->
</testsuite> <!-- Test -->
