<?xml version="1.0" encoding="UTF-8"?>
<!-- Generated by org.testng.reporters.JUnitXMLReporter -->
<testsuite ignored="0" hostname="DESKTOP-R6265M9" failures="2" tests="7" name="Test" time="42.669" errors="0" timestamp="2025-11-22T11:28:32 IST">
  <testcase classname="testCases.TC_Login_DDT_002001" name="verify_login_DDT" time="11.193"/>
  <testcase classname="testCases.TC_Login_DDT_002001" name="verify_login_DDT" time="1.869">
    <failure type="java.lang.AssertionError" message="null">
      <![CDATA[java.lang.AssertionError: null
at testCases.TC_Login_DDT_002001.verify_login_DDT(TC_Login_DDT_002001.java:68)
at java.base/java.util.ArrayList.forEach(ArrayList.java:1511)
... Removed 29 stack frames]]>
    </failure>
  </testcase> <!-- verify_login_DDT -->
  <testcase classname="testCases.TC_Login_DDT_002001" name="verify_login_DDT" time="1.572"/>
  <testcase classname="testCases.TC_Login_DDT_002001" name="verify_login_DDT" time="1.46"/>
  <testcase classname="testCases.TC_Login_DDT_002001" name="verify_login_DDT" time="1.512"/>
  <testcase classname="testCases.TC_Login_DDT_002001" name="verify_login_DDT" time="10.53"/>
  <testcase classname="testCases.TC_Login_DDT_002001" name="verify_login_DDT" time="10.533">
    <failure type="java.lang.AssertionError" message="null">
      <![CDATA[java.lang.AssertionError: null
at testCases.TC_Login_DDT_002001.verify_login_DDT(TC_Login_DDT_002001.java:68)
at java.base/java.util.ArrayList.forEach(ArrayList.java:1511)
... Removed 29 stack frames]]>
    </failure>
  </testcase> <!-- verify_login_DDT -->
</testsuite> <!-- Test -->
