<?xml version="1.0" encoding="UTF-8"?>
<!-- Generated by org.testng.reporters.JUnitXMLReporter -->
<testsuite ignored="2" hostname="DESKTOP-R6265M9" failures="1" tests="1" name="Test" time="0.04" errors="0" timestamp="2025-11-24T11:36:55 IST">
  <testcase classname="testCases.TC_Registration_001" name="verify_account_registration" time="0.005">
    <failure type="java.lang.NullPointerException" message="Cannot invoke &amp;quot;org.apache.logging.log4j.Logger.info(String)&amp;quot; because &amp;quot;this.logger&amp;quot; is null">
      <![CDATA[java.lang.NullPointerException: Cannot invoke "org.apache.logging.log4j.Logger.info(String)" because "this.logger" is null
at testCases.TC_Registration_001.verify_account_registration(TC_Registration_001.java:17)
at java.base/java.util.ArrayList.forEach(ArrayList.java:1511)
... Removed 27 stack frames]]>
    </failure>
  </testcase> <!-- verify_account_registration -->
  <testcase classname="testCases.TC_Login_002" name="Login_verification_test" time="0.0">
    <ignored/>
  </testcase> <!-- Login_verification_test -->
  <testcase classname="testCases.TC_Login_DDT_002001" name="verify_login_DDT" time="0.0">
    <ignored/>
  </testcase> <!-- verify_login_DDT -->
</testsuite> <!-- Test -->
