<?xml version="1.0" encoding="UTF-8"?>
<!-- Generated by org.testng.reporters.JUnitXMLReporter -->
<testsuite ignored="0" hostname="DESKTOP-R6265M9" failures="2" tests="2" name="Test(failed)" time="19.067" errors="0" timestamp="2025-11-22T19:56:25 IST">
  <testcase classname="testCases.TC_Login_DDT_002001" name="verify_login_DDT" time="12.214">
    <failure type="java.lang.AssertionError" message="null">
      <![CDATA[java.lang.AssertionError: null
at testCases.TC_Login_DDT_002001.verify_login_DDT(TC_Login_DDT_002001.java:68)
at java.base/java.util.ArrayList.forEach(ArrayList.java:1511)
... Removed 29 stack frames]]>
    </failure>
  </testcase> <!-- verify_login_DDT -->
  <testcase classname="testCases.TC_Login_DDT_002001" name="verify_login_DDT" time="2.416">
    <failure type="java.lang.AssertionError" message="null">
      <![CDATA[java.lang.AssertionError: null
at testCases.TC_Login_DDT_002001.verify_login_DDT(TC_Login_DDT_002001.java:68)
at java.base/java.util.ArrayList.forEach(ArrayList.java:1511)
... Removed 29 stack frames]]>
    </failure>
  </testcase> <!-- verify_login_DDT -->
</testsuite> <!-- Test(failed) -->
