<?xml version="1.0" encoding="UTF-8"?>
<!-- Generated by org.testng.reporters.JUnitXMLReporter -->
<testsuite ignored="0" hostname="DESKTOP-R6265M9" failures="1" tests="1" name="Test(failed)" time="28.655" errors="0" timestamp="2025-11-24T13:17:39 IST">
  <testcase classname="testCases.TC_Login_002" name="Login_verification_test" time="11.168">
    <failure type="java.lang.AssertionError" message="null">
      <![CDATA[java.lang.AssertionError: null
at testCases.TC_Login_002.Login_verification_test(TC_Login_002.java:43)
at java.base/java.util.ArrayList.forEach(ArrayList.java:1511)
... Removed 29 stack frames]]>
    </failure>
  </testcase> <!-- Login_verification_test -->
</testsuite> <!-- Test(failed) -->
