<?xml version="1.0" encoding="UTF-8"?>
<testng-results ignored="0" total="1" passed="0" failed="1" skipped="0">
  <reporter-output>
  </reporter-output>
  <suite started-at="2025-11-18T19:00:58 IST" name="Suite" finished-at="2025-11-18T19:01:03 IST" duration-ms="4315">
    <groups>
    </groups>
    <test started-at="2025-11-18T19:00:58 IST" name="Test" finished-at="2025-11-18T19:01:03 IST" duration-ms="4315">
      <class name="testCases.TC_Registration_001">
        <test-method is-config="true" signature="setup()[pri:0, instance:testCases.TC_Registration_001@5542c4ed]" started-at="2025-11-18T19:00:58 IST" name="setup" finished-at="2025-11-18T19:01:01 IST" duration-ms="2331" status="PASS">
          <reporter-output>
          </reporter-output>
        </test-method> <!-- setup -->
        <test-method signature="verify_account_registration()[pri:0, instance:testCases.TC_Registration_001@5542c4ed]" started-at="2025-11-18T19:01:01 IST" name="verify_account_registration" finished-at="2025-11-18T19:01:02 IST" duration-ms="1770" status="FAIL">
          <exception class="java.lang.AssertionError">
            <message>
              <![CDATA[Test case TC_Registration_001 failed due to an exception: expected [Your Account Has ] but found [Your Account Has Been Created!]]]>
            </message>
            <full-stacktrace>
              <![CDATA[java.lang.AssertionError: Test case TC_Registration_001 failed due to an exception: expected [Your Account Has ] but found [Your Account Has Been Created!]
at org.testng.Assert.fail(Assert.java:111)
at testCases.TC_Registration_001.verify_account_registration(TC_Registration_001.java:49)
at java.base/jdk.internal.reflect.NativeMethodAccessorImpl.invoke0(Native Method)
at java.base/jdk.internal.reflect.NativeMethodAccessorImpl.invoke(NativeMethodAccessorImpl.java:77)
at java.base/jdk.internal.reflect.DelegatingMethodAccessorImpl.invoke(DelegatingMethodAccessorImpl.java:43)
at java.base/java.lang.reflect.Method.invoke(Method.java:569)
at org.testng.internal.invokers.MethodInvocationHelper.invokeMethod(MethodInvocationHelper.java:141)
at org.testng.internal.invokers.TestInvoker.invokeMethod(TestInvoker.java:687)
at org.testng.internal.invokers.TestInvoker.invokeTestMethod(TestInvoker.java:230)
at org.testng.internal.invokers.MethodRunner.runInSequence(MethodRunner.java:63)
at org.testng.internal.invokers.TestInvoker$MethodInvocationAgent.invoke(TestInvoker.java:995)
at org.testng.internal.invokers.TestInvoker.invokeTestMethods(TestInvoker.java:203)
at org.testng.internal.invokers.TestMethodWorker.invokeTestMethods(TestMethodWorker.java:154)
at org.testng.internal.invokers.TestMethodWorker.run(TestMethodWorker.java:134)
at java.base/java.util.ArrayList.forEach(ArrayList.java:1511)
at org.testng.TestRunner.privateRun(TestRunner.java:741)
at org.testng.TestRunner.run(TestRunner.java:616)
at org.testng.SuiteRunner.runTest(SuiteRunner.java:421)
at org.testng.SuiteRunner.runSequentially(SuiteRunner.java:413)
at org.testng.SuiteRunner.privateRun(SuiteRunner.java:373)
at org.testng.SuiteRunner.run(SuiteRunner.java:312)
at org.testng.SuiteRunnerWorker.runSuite(SuiteRunnerWorker.java:52)
at org.testng.SuiteRunnerWorker.run(SuiteRunnerWorker.java:95)
at org.testng.TestNG.runSuitesSequentially(TestNG.java:1274)
at org.testng.TestNG.runSuitesLocally(TestNG.java:1208)
at org.testng.TestNG.runSuites(TestNG.java:1112)
at org.testng.TestNG.run(TestNG.java:1079)
at org.testng.remote.AbstractRemoteTestNG.run(AbstractRemoteTestNG.java:115)
at org.testng.remote.RemoteTestNG.initAndRun(RemoteTestNG.java:293)
at org.testng.remote.RemoteTestNG.main(RemoteTestNG.java:91)
]]>
            </full-stacktrace>
          </exception> <!-- java.lang.AssertionError -->
          <reporter-output>
          </reporter-output>
        </test-method> <!-- verify_account_registration -->
        <test-method is-config="true" signature="tearDown()[pri:0, instance:testCases.TC_Registration_001@5542c4ed]" started-at="2025-11-18T19:01:02 IST" name="tearDown" finished-at="2025-11-18T19:01:03 IST" duration-ms="156" status="PASS">
          <reporter-output>
          </reporter-output>
        </test-method> <!-- tearDown -->
      </class> <!-- testCases.TC_Registration_001 -->
    </test> <!-- Test -->
  </suite> <!-- Suite -->
</testng-results>
