<?xml version="1.0" encoding="UTF-8"?>
<testng-results ignored="0" total="9" passed="6" failed="3" skipped="0">
  <reporter-output>
  </reporter-output>
  <suite started-at="2025-11-25T11:29:30 IST" name="Suite" finished-at="2025-11-25T11:31:12 IST" duration-ms="102082">
    <groups>
      <group name="Master">
        <method signature="TC_Login_002.Login_verification_test()[pri:0, instance:testCases.TC_Login_002@b7c4869]" name="Login_verification_test" class="testCases.TC_Login_002"/>
        <method signature="TC_Registration_001.verify_account_registration()[pri:0, instance:testCases.TC_Registration_001@65a15628]" name="verify_account_registration" class="testCases.TC_Registration_001"/>
      </group> <!-- Master -->
      <group name="Sanity">
        <method signature="TC_Registration_001.verify_account_registration()[pri:0, instance:testCases.TC_Registration_001@65a15628]" name="verify_account_registration" class="testCases.TC_Registration_001"/>
      </group> <!-- Sanity -->
      <group name="DataDriven">
        <method signature="TC_Login_DDT_002001.verify_login_DDT(java.lang.String,java.lang.String,java.lang.String)[pri:0, instance:testCases.TC_Login_DDT_002001@740d2e78]" name="verify_login_DDT" class="testCases.TC_Login_DDT_002001"/>
      </group> <!-- DataDriven -->
      <group name="Regression">
        <method signature="TC_Login_002.Login_verification_test()[pri:0, instance:testCases.TC_Login_002@b7c4869]" name="Login_verification_test" class="testCases.TC_Login_002"/>
      </group> <!-- Regression -->
    </groups>
    <test started-at="2025-11-25T11:29:30 IST" name="Test" finished-at="2025-11-25T11:31:12 IST" duration-ms="102082">
      <class name="testCases.TC_Registration_001">
        <test-method is-config="true" signature="setup(java.lang.String,java.lang.String)[pri:0, instance:testCases.TC_Registration_001@65a15628]" started-at="2025-11-25T11:29:30 IST" name="setup" finished-at="2025-11-25T11:29:33 IST" duration-ms="3420" status="PASS">
          <params>
            <param index="0">
              <value>
                <![CDATA[windows]]>
              </value>
            </param>
            <param index="1">
              <value>
                <![CDATA[chrome]]>
              </value>
            </param>
          </params>
          <reporter-output>
          </reporter-output>
        </test-method> <!-- setup -->
        <test-method signature="verify_account_registration()[pri:0, instance:testCases.TC_Registration_001@65a15628]" started-at="2025-11-25T11:29:33 IST" name="verify_account_registration" finished-at="2025-11-25T11:29:36 IST" duration-ms="2532" status="PASS">
          <reporter-output>
          </reporter-output>
        </test-method> <!-- verify_account_registration -->
        <test-method is-config="true" signature="tearDown()[pri:0, instance:testCases.TC_Registration_001@65a15628]" started-at="2025-11-25T11:29:36 IST" name="tearDown" finished-at="2025-11-25T11:29:36 IST" duration-ms="162" status="PASS">
          <reporter-output>
          </reporter-output>
        </test-method> <!-- tearDown -->
      </class> <!-- testCases.TC_Registration_001 -->
      <class name="testCases.TC_Login_002">
        <test-method is-config="true" signature="setup(java.lang.String,java.lang.String)[pri:0, instance:testCases.TC_Login_002@b7c4869]" started-at="2025-11-25T11:29:36 IST" name="setup" finished-at="2025-11-25T11:29:40 IST" duration-ms="3408" status="PASS">
          <params>
            <param index="0">
              <value>
                <![CDATA[windows]]>
              </value>
            </param>
            <param index="1">
              <value>
                <![CDATA[chrome]]>
              </value>
            </param>
          </params>
          <reporter-output>
          </reporter-output>
        </test-method> <!-- setup -->
        <test-method signature="Login_verification_test()[pri:0, instance:testCases.TC_Login_002@b7c4869]" started-at="2025-11-25T11:29:40 IST" name="Login_verification_test" finished-at="2025-11-25T11:29:57 IST" duration-ms="16964" status="FAIL">
          <exception class="java.lang.AssertionError">
            <message>
              <![CDATA[null]]>
            </message>
            <full-stacktrace>
              <![CDATA[java.lang.AssertionError: null
at org.testng.Assert.fail(Assert.java:111)
at org.testng.Assert.fail(Assert.java:116)
at testCases.TC_Login_002.Login_verification_test(TC_Login_002.java:43)
at java.base/jdk.internal.reflect.NativeMethodAccessorImpl.invoke0(Native Method)
at java.base/jdk.internal.reflect.NativeMethodAccessorImpl.invoke(NativeMethodAccessorImpl.java:77)
at java.base/jdk.internal.reflect.DelegatingMethodAccessorImpl.invoke(DelegatingMethodAccessorImpl.java:43)
at java.base/java.lang.reflect.Method.invoke(Method.java:569)
at org.testng.internal.invokers.MethodInvocationHelper.invokeMethod(MethodInvocationHelper.java:141)
at org.testng.internal.invokers.TestInvoker.invokeMethod(TestInvoker.java:687)
at org.testng.internal.invokers.TestInvoker.invokeTestMethod(TestInvoker.java:230)
at org.testng.internal.invokers.MethodRunner.runInSequence(MethodRunner.java:63)
at org.testng.internal.invokers.TestInvoker$MethodInvocationAgent.invoke(TestInvoker.java:995)
at org.testng.internal.invokers.TestInvoker.invokeTestMethods(TestInvoker.java:203)
at org.testng.internal.invokers.TestMethodWorker.invokeTestMethods(TestMethodWorker.java:154)
at org.testng.internal.invokers.TestMethodWorker.run(TestMethodWorker.java:134)
at java.base/java.util.ArrayList.forEach(ArrayList.java:1511)
at org.testng.TestRunner.privateRun(TestRunner.java:741)
at org.testng.TestRunner.run(TestRunner.java:616)
at org.testng.SuiteRunner.runTest(SuiteRunner.java:421)
at org.testng.SuiteRunner.runSequentially(SuiteRunner.java:413)
at org.testng.SuiteRunner.privateRun(SuiteRunner.java:373)
at org.testng.SuiteRunner.run(SuiteRunner.java:312)
at org.testng.SuiteRunnerWorker.runSuite(SuiteRunnerWorker.java:52)
at org.testng.SuiteRunnerWorker.run(SuiteRunnerWorker.java:95)
at org.testng.TestNG.runSuitesSequentially(TestNG.java:1274)
at org.testng.TestNG.runSuitesLocally(TestNG.java:1208)
at org.testng.TestNG.runSuites(TestNG.java:1112)
at org.testng.TestNG.run(TestNG.java:1079)
at org.testng.remote.AbstractRemoteTestNG.run(AbstractRemoteTestNG.java:115)
at org.testng.remote.RemoteTestNG.initAndRun(RemoteTestNG.java:293)
at org.testng.remote.RemoteTestNG.main(RemoteTestNG.java:91)
]]>
            </full-stacktrace>
          </exception> <!-- java.lang.AssertionError -->
          <reporter-output>
          </reporter-output>
        </test-method> <!-- Login_verification_test -->
        <test-method is-config="true" signature="tearDown()[pri:0, instance:testCases.TC_Login_002@b7c4869]" started-at="2025-11-25T11:29:57 IST" name="tearDown" finished-at="2025-11-25T11:29:58 IST" duration-ms="1067" status="PASS">
          <reporter-output>
          </reporter-output>
        </test-method> <!-- tearDown -->
      </class> <!-- testCases.TC_Login_002 -->
      <class name="testCases.TC_Login_DDT_002001">
        <test-method is-config="true" signature="setup(java.lang.String,java.lang.String)[pri:0, instance:testCases.TC_Login_DDT_002001@740d2e78]" started-at="2025-11-25T11:29:58 IST" name="setup" finished-at="2025-11-25T11:30:00 IST" duration-ms="2493" status="PASS">
          <params>
            <param index="0">
              <value>
                <![CDATA[windows]]>
              </value>
            </param>
            <param index="1">
              <value>
                <![CDATA[chrome]]>
              </value>
            </param>
          </params>
          <reporter-output>
          </reporter-output>
        </test-method> <!-- setup -->
        <test-method signature="verify_login_DDT(java.lang.String,java.lang.String,java.lang.String)[pri:0, instance:testCases.TC_Login_DDT_002001@740d2e78]" started-at="2025-11-25T11:30:02 IST" name="verify_login_DDT" data-provider="LoginData" finished-at="2025-11-25T11:30:32 IST" duration-ms="29609" status="PASS">
          <params>
            <param index="0">
              <value>
                <![CDATA[laks@yahoo.com]]>
              </value>
            </param>
            <param index="1">
              <value>
                <![CDATA[xyz]]>
              </value>
            </param>
            <param index="2">
              <value>
                <![CDATA[inValid]]>
              </value>
            </param>
          </params>
          <reporter-output>
          </reporter-output>
        </test-method> <!-- verify_login_DDT -->
        <test-method signature="verify_login_DDT(java.lang.String,java.lang.String,java.lang.String)[pri:0, instance:testCases.TC_Login_DDT_002001@740d2e78]" started-at="2025-11-25T11:30:32 IST" name="verify_login_DDT" data-provider="LoginData" finished-at="2025-11-25T11:30:35 IST" duration-ms="2869" status="FAIL">
          <params>
            <param index="0">
              <value>
                <![CDATA[lakshmi@yahoo.com]]>
              </value>
            </param>
            <param index="1">
              <value>
                <![CDATA[Laxmi]]>
              </value>
            </param>
            <param index="2">
              <value>
                <![CDATA[invalid]]>
              </value>
            </param>
          </params>
          <exception class="java.lang.AssertionError">
            <message>
              <![CDATA[null]]>
            </message>
            <full-stacktrace>
              <![CDATA[java.lang.AssertionError: null
at org.testng.Assert.fail(Assert.java:111)
at org.testng.Assert.fail(Assert.java:116)
at testCases.TC_Login_DDT_002001.verify_login_DDT(TC_Login_DDT_002001.java:68)
at java.base/jdk.internal.reflect.NativeMethodAccessorImpl.invoke0(Native Method)
at java.base/jdk.internal.reflect.NativeMethodAccessorImpl.invoke(NativeMethodAccessorImpl.java:77)
at java.base/jdk.internal.reflect.DelegatingMethodAccessorImpl.invoke(DelegatingMethodAccessorImpl.java:43)
at java.base/java.lang.reflect.Method.invoke(Method.java:569)
at org.testng.internal.invokers.MethodInvocationHelper.invokeMethod(MethodInvocationHelper.java:141)
at org.testng.internal.invokers.TestInvoker.invokeMethod(TestInvoker.java:687)
at org.testng.internal.invokers.TestInvoker.invokeTestMethod(TestInvoker.java:230)
at org.testng.internal.invokers.MethodRunner.runInSequence(MethodRunner.java:63)
at org.testng.internal.invokers.TestInvoker$MethodInvocationAgent.invoke(TestInvoker.java:995)
at org.testng.internal.invokers.TestInvoker.invokeTestMethods(TestInvoker.java:203)
at org.testng.internal.invokers.TestMethodWorker.invokeTestMethods(TestMethodWorker.java:154)
at org.testng.internal.invokers.TestMethodWorker.run(TestMethodWorker.java:134)
at java.base/java.util.ArrayList.forEach(ArrayList.java:1511)
at org.testng.TestRunner.privateRun(TestRunner.java:741)
at org.testng.TestRunner.run(TestRunner.java:616)
at org.testng.SuiteRunner.runTest(SuiteRunner.java:421)
at org.testng.SuiteRunner.runSequentially(SuiteRunner.java:413)
at org.testng.SuiteRunner.privateRun(SuiteRunner.java:373)
at org.testng.SuiteRunner.run(SuiteRunner.java:312)
at org.testng.SuiteRunnerWorker.runSuite(SuiteRunnerWorker.java:52)
at org.testng.SuiteRunnerWorker.run(SuiteRunnerWorker.java:95)
at org.testng.TestNG.runSuitesSequentially(TestNG.java:1274)
at org.testng.TestNG.runSuitesLocally(TestNG.java:1208)
at org.testng.TestNG.runSuites(TestNG.java:1112)
at org.testng.TestNG.run(TestNG.java:1079)
at org.testng.remote.AbstractRemoteTestNG.run(AbstractRemoteTestNG.java:115)
at org.testng.remote.RemoteTestNG.initAndRun(RemoteTestNG.java:293)
at org.testng.remote.RemoteTestNG.main(RemoteTestNG.java:91)
]]>
            </full-stacktrace>
          </exception> <!-- java.lang.AssertionError -->
          <reporter-output>
          </reporter-output>
        </test-method> <!-- verify_login_DDT -->
        <test-method signature="verify_login_DDT(java.lang.String,java.lang.String,java.lang.String)[pri:0, instance:testCases.TC_Login_DDT_002001@740d2e78]" started-at="2025-11-25T11:30:35 IST" name="verify_login_DDT" data-provider="LoginData" finished-at="2025-11-25T11:30:37 IST" duration-ms="1821" status="PASS">
          <params>
            <param index="0">
              <value>
                <![CDATA[abc123@gmail.com]]>
              </value>
            </param>
            <param index="1">
              <value>
                <![CDATA[test@123]]>
              </value>
            </param>
            <param index="2">
              <value>
                <![CDATA[Valid]]>
              </value>
            </param>
          </params>
          <reporter-output>
          </reporter-output>
        </test-method> <!-- verify_login_DDT -->
        <test-method signature="verify_login_DDT(java.lang.String,java.lang.String,java.lang.String)[pri:0, instance:testCases.TC_Login_DDT_002001@740d2e78]" started-at="2025-11-25T11:30:37 IST" name="verify_login_DDT" data-provider="LoginData" finished-at="2025-11-25T11:30:38 IST" duration-ms="1730" status="PASS">
          <params>
            <param index="0">
              <value>
                <![CDATA[laksh@yahoo.com]]>
              </value>
            </param>
            <param index="1">
              <value>
                <![CDATA[Lakshmi]]>
              </value>
            </param>
            <param index="2">
              <value>
                <![CDATA[valid]]>
              </value>
            </param>
          </params>
          <reporter-output>
          </reporter-output>
        </test-method> <!-- verify_login_DDT -->
        <test-method signature="verify_login_DDT(java.lang.String,java.lang.String,java.lang.String)[pri:0, instance:testCases.TC_Login_DDT_002001@740d2e78]" started-at="2025-11-25T11:30:38 IST" name="verify_login_DDT" data-provider="LoginData" finished-at="2025-11-25T11:30:40 IST" duration-ms="1784" status="PASS">
          <params>
            <param index="0">
              <value>
                <![CDATA[panda147@gmail.com]]>
              </value>
            </param>
            <param index="1">
              <value>
                <![CDATA[pandapanda]]>
              </value>
            </param>
            <param index="2">
              <value>
                <![CDATA[valid]]>
              </value>
            </param>
          </params>
          <reporter-output>
          </reporter-output>
        </test-method> <!-- verify_login_DDT -->
        <test-method signature="verify_login_DDT(java.lang.String,java.lang.String,java.lang.String)[pri:0, instance:testCases.TC_Login_DDT_002001@740d2e78]" started-at="2025-11-25T11:30:40 IST" name="verify_login_DDT" data-provider="LoginData" finished-at="2025-11-25T11:30:56 IST" duration-ms="15659" status="PASS">
          <params>
            <param index="0">
              <value>
                <![CDATA[pavanoltraining@gmail.com]]>
              </value>
            </param>
            <param index="1">
              <value>
                <![CDATA[test@123]]>
              </value>
            </param>
            <param index="2">
              <value>
                <![CDATA[invalid]]>
              </value>
            </param>
          </params>
          <reporter-output>
          </reporter-output>
        </test-method> <!-- verify_login_DDT -->
        <test-method signature="verify_login_DDT(java.lang.String,java.lang.String,java.lang.String)[pri:0, instance:testCases.TC_Login_DDT_002001@740d2e78]" started-at="2025-11-25T11:30:56 IST" name="verify_login_DDT" data-provider="LoginData" finished-at="2025-11-25T11:31:12 IST" duration-ms="15895" status="FAIL">
          <params>
            <param index="0">
              <value>
                <![CDATA[panda17@gmail.com]]>
              </value>
            </param>
            <param index="1">
              <value>
                <![CDATA[pandapanda]]>
              </value>
            </param>
            <param index="2">
              <value>
                <![CDATA[valid]]>
              </value>
            </param>
          </params>
          <exception class="java.lang.AssertionError">
            <message>
              <![CDATA[null]]>
            </message>
            <full-stacktrace>
              <![CDATA[java.lang.AssertionError: null
at org.testng.Assert.fail(Assert.java:111)
at org.testng.Assert.fail(Assert.java:116)
at testCases.TC_Login_DDT_002001.verify_login_DDT(TC_Login_DDT_002001.java:68)
at java.base/jdk.internal.reflect.NativeMethodAccessorImpl.invoke0(Native Method)
at java.base/jdk.internal.reflect.NativeMethodAccessorImpl.invoke(NativeMethodAccessorImpl.java:77)
at java.base/jdk.internal.reflect.DelegatingMethodAccessorImpl.invoke(DelegatingMethodAccessorImpl.java:43)
at java.base/java.lang.reflect.Method.invoke(Method.java:569)
at org.testng.internal.invokers.MethodInvocationHelper.invokeMethod(MethodInvocationHelper.java:141)
at org.testng.internal.invokers.TestInvoker.invokeMethod(TestInvoker.java:687)
at org.testng.internal.invokers.TestInvoker.invokeTestMethod(TestInvoker.java:230)
at org.testng.internal.invokers.MethodRunner.runInSequence(MethodRunner.java:63)
at org.testng.internal.invokers.TestInvoker$MethodInvocationAgent.invoke(TestInvoker.java:995)
at org.testng.internal.invokers.TestInvoker.invokeTestMethods(TestInvoker.java:203)
at org.testng.internal.invokers.TestMethodWorker.invokeTestMethods(TestMethodWorker.java:154)
at org.testng.internal.invokers.TestMethodWorker.run(TestMethodWorker.java:134)
at java.base/java.util.ArrayList.forEach(ArrayList.java:1511)
at org.testng.TestRunner.privateRun(TestRunner.java:741)
at org.testng.TestRunner.run(TestRunner.java:616)
at org.testng.SuiteRunner.runTest(SuiteRunner.java:421)
at org.testng.SuiteRunner.runSequentially(SuiteRunner.java:413)
at org.testng.SuiteRunner.privateRun(SuiteRunner.java:373)
at org.testng.SuiteRunner.run(SuiteRunner.java:312)
at org.testng.SuiteRunnerWorker.runSuite(SuiteRunnerWorker.java:52)
at org.testng.SuiteRunnerWorker.run(SuiteRunnerWorker.java:95)
at org.testng.TestNG.runSuitesSequentially(TestNG.java:1274)
at org.testng.TestNG.runSuitesLocally(TestNG.java:1208)
at org.testng.TestNG.runSuites(TestNG.java:1112)
at org.testng.TestNG.run(TestNG.java:1079)
at org.testng.remote.AbstractRemoteTestNG.run(AbstractRemoteTestNG.java:115)
at org.testng.remote.RemoteTestNG.initAndRun(RemoteTestNG.java:293)
at org.testng.remote.RemoteTestNG.main(RemoteTestNG.java:91)
]]>
            </full-stacktrace>
          </exception> <!-- java.lang.AssertionError -->
          <reporter-output>
          </reporter-output>
        </test-method> <!-- verify_login_DDT -->
        <test-method is-config="true" signature="tearDown()[pri:0, instance:testCases.TC_Login_DDT_002001@740d2e78]" started-at="2025-11-25T11:31:12 IST" name="tearDown" finished-at="2025-11-25T11:31:12 IST" duration-ms="196" status="PASS">
          <reporter-output>
          </reporter-output>
        </test-method> <!-- tearDown -->
      </class> <!-- testCases.TC_Login_DDT_002001 -->
    </test> <!-- Test -->
  </suite> <!-- Suite -->
</testng-results>
