<?xml version="1.0" encoding="UTF-8"?>
<!-- Generated by org.testng.reporters.JUnitXMLReporter -->
<testsuite ignored="0" hostname="DESKTOP-R6265M9" failures="1" tests="1" name="Test(failed)(failed)(failed)" time="7.789" errors="0" timestamp="2025-11-22T19:58:55 IST">
  <testcase classname="testCases.TC_Login_DDT_002001" name="verify_login_DDT" time="2.711">
    <failure type="java.lang.AssertionError" message="null">
      <![CDATA[java.lang.AssertionError: null
at testCases.TC_Login_DDT_002001.verify_login_DDT(TC_Login_DDT_002001.java:69)
at java.base/java.util.ArrayList.forEach(ArrayList.java:1511)
... Removed 29 stack frames]]>
    </failure>
  </testcase> <!-- verify_login_DDT -->
</testsuite> <!-- Test(failed)(failed)(failed) -->
